<?xml version="1.0" encoding="UTF-8"?>
<testsuite name="Regression Test"
           tests="2"
           failures="0"
           errors="0"
           skipped="0"
           time="3.584">
  <properties />
  
  
            <testcase name="verifyThatUserShouldLoginAndLogoutSuccessfully" time="2.813" classname="com.tutorialninja.testsuite.LoginPageTest" />
                <testcase name="verifyUserShouldNavigateToLoginPageSuccessfully" time="0.771" classname="com.tutorialninja.testsuite.LoginPageTest" />
      
</testsuite>
