<?xml version="1.0" encoding="UTF-8"?>
<testsuite name="Regression Test"
           tests="2"
           failures="0"
           errors="0"
           skipped="0"
           time="5.594">
  <properties />
  
  
            <testcase name="verifyThatUserRegisterAccountSuccessfully" time="4.497" classname="com.tutorialninja.testsuite.RegisterPageTest" />
                <testcase name="verifyUserShouldNavigateToRegisterPageSuccessfully" time="1.097" classname="com.tutorialninja.testsuite.RegisterPageTest" />
      
</testsuite>
