<?xml version="1.0" encoding="UTF-8"?>
<testsuite name="Regression Test"
           tests="2"
           failures="0"
           errors="0"
           skipped="0"
           time="15.332">
  <properties />
  
  
            <testcase name="verifyProductArrangeInAlphabeticalOrder" time="2.162" classname="com.tutorialninja.testsuite.LaptopAndNotebookPageTest" />
                <testcase name="verifyThatUserPlaceOrderSuccessfully" time="13.170" classname="com.tutorialninja.testsuite.LaptopAndNotebookPageTest" />
      
</testsuite>
